#! /usr/bin/vvp
:ivl_version "10.3 (stable)";
:ivl_delay_selection "TYPICAL";
:vpi_time_precision - 12;
:vpi_module "system";
:vpi_module "vhdl_sys";
:vpi_module "v2005_math";
:vpi_module "va_math";
S_0x559545740610 .scope module, "circuit_tb" "circuit_tb" 2 4;
 .timescale -9 -12;
v0x559545756910_0 .var "clk", 0 0;
v0x5595457569d0_0 .var "en", 0 0;
v0x559545756a70_0 .var/i "i", 31 0;
v0x559545756b10_0 .var "rst", 0 0;
v0x559545756bb0_0 .var "x", 31 0;
v0x559545756ca0_0 .net "y", 31 0, L_0x559545756d70;  1 drivers
E_0x55954573eb30 .event posedge, v0x55954572e480_0;
S_0x5595457407b0 .scope module, "c0" "circuit" 2 28, 3 4 0, S_0x559545740610;
 .timescale -9 -12;
    .port_info 0 /INPUT 1 "rst"
    .port_info 1 /INPUT 1 "clk"
    .port_info 2 /INPUT 1 "en"
    .port_info 3 /INPUT 32 "x"
    .port_info 4 /OUTPUT 32 "y"
L_0x559545756d70 .functor BUFZ 32, v0x55954571e060_0, C4<00000000000000000000000000000000>, C4<00000000000000000000000000000000>, C4<00000000000000000000000000000000>;
v0x55954571e060_0 .var "acc", 31 0;
v0x55954572e480_0 .net "clk", 0 0, v0x559545756910_0;  1 drivers
v0x55954572eba0_0 .net "en", 0 0, v0x5595457569d0_0;  1 drivers
v0x559545756580_0 .net "rst", 0 0, v0x559545756b10_0;  1 drivers
v0x559545756660_0 .net "x", 31 0, v0x559545756bb0_0;  1 drivers
v0x559545756790_0 .net "y", 31 0, L_0x559545756d70;  alias, 1 drivers
E_0x559545709950 .event posedge, v0x559545756580_0, v0x55954572e480_0;
    .scope S_0x5595457407b0;
T_0 ;
    %wait E_0x559545709950;
    %load/vec4 v0x559545756580_0;
    %flag_set/vec4 8;
    %jmp/0xz  T_0.0, 8;
    %pushi/vec4 0, 0, 32;
    %assign/vec4 v0x55954571e060_0, 0;
    %jmp T_0.1;
T_0.0 ;
    %load/vec4 v0x55954572eba0_0;
    %flag_set/vec4 8;
    %jmp/0xz  T_0.2, 8;
    %load/vec4 v0x55954571e060_0;
    %load/vec4 v0x559545756660_0;
    %add;
    %assign/vec4 v0x55954571e060_0, 0;
T_0.2 ;
T_0.1 ;
    %jmp T_0;
    .thread T_0;
    .scope S_0x559545740610;
T_1 ;
    %pushi/vec4 1, 0, 1;
    %store/vec4 v0x559545756910_0, 0, 1;
    %pushi/vec4 0, 0, 1;
    %store/vec4 v0x559545756b10_0, 0, 1;
    %end;
    .thread T_1;
    .scope S_0x559545740610;
T_2 ;
    %delay 5000, 0;
    %load/vec4 v0x559545756910_0;
    %inv;
    %store/vec4 v0x559545756910_0, 0, 1;
    %jmp T_2;
    .thread T_2;
    .scope S_0x559545740610;
T_3 ;
    %delay 1000, 0;
    %pushi/vec4 1, 0, 1;
    %store/vec4 v0x559545756b10_0, 0, 1;
    %delay 10000, 0;
    %pushi/vec4 0, 0, 1;
    %store/vec4 v0x559545756b10_0, 0, 1;
    %end;
    .thread T_3;
    .scope S_0x559545740610;
T_4 ;
    %vpi_call 2 15 "$dumpfile", "circuit.vcd" {0 0 0};
    %vpi_call 2 16 "$dumpvars" {0 0 0};
    %pushi/vec4 0, 0, 1;
    %store/vec4 v0x5595457569d0_0, 0, 1;
    %pushi/vec4 0, 0, 32;
    %store/vec4 v0x559545756a70_0, 0, 32;
T_4.0 ;
    %load/vec4 v0x559545756a70_0;
    %cmpi/s 100, 0, 32;
    %jmp/0xz T_4.1, 5;
    %wait E_0x55954573eb30;
    %delay 1000, 0;
    %vpi_func 2 19 "$random" 32 {0 0 0};
    %pushi/vec4 20, 0, 32;
    %mod/s;
    %store/vec4 v0x559545756bb0_0, 0, 32;
    %pushi/vec4 1, 0, 1;
    %store/vec4 v0x5595457569d0_0, 0, 1;
    %wait E_0x55954573eb30;
    %delay 1000, 0;
    %pushi/vec4 0, 0, 1;
    %store/vec4 v0x5595457569d0_0, 0, 1;
    %load/vec4 v0x559545756a70_0;
    %addi 1, 0, 32;
    %store/vec4 v0x559545756a70_0, 0, 32;
    %jmp T_4.0;
T_4.1 ;
    %wait E_0x55954573eb30;
    %delay 1000, 0;
    %pushi/vec4 1, 0, 1;
    %store/vec4 v0x5595457569d0_0, 0, 1;
    %load/vec4 v0x559545756ca0_0;
    %pushi/vec4 100, 0, 32;
    %div;
    %vpi_call 2 23 "$display", "media: %d\012", S<0,vec4,u32> {1 0 0};
    %wait E_0x55954573eb30;
    %delay 100000, 0;
    %vpi_call 2 24 "$finish" {0 0 0};
    %end;
    .thread T_4;
# The file index is used to find the file name in the following table.
:file_names 4;
    "N/A";
    "<interactive>";
    "solution_tb.v";
    "solution.v";
